{
  "0 debug pnpm:scope": {
    "selected": 1
  },
  "1 error pnpm": {
    "code": "ELIFECYCLE",
    "errno": "ENOENT",
    "syscall": "spawn",
    "file": "sh",
    "pkgid": "dtmoney@0.1.0",
    "stage": "start",
    "script": "react-scripts start",
    "pkgname": "dtmoney",
    "err": {
      "name": "pnpm",
      "message": "dtmoney@0.1.0 start: `react-scripts start`\nspawn ENOENT",
      "code": "ELIFECYCLE",
      "stack": "pnpm: dtmoney@0.1.0 start: `react-scripts start`\nspawn ENOENT\n    at ChildProcess.<anonymous> (/home/moro/.fnm/node-versions/v14.16.0/installation/lib/node_modules/pnpm/dist/pnpm.cjs:92913:22)\n    at ChildProcess.emit (events.js:315:20)\n    at maybeClose (internal/child_process.js:1048:16)\n    at Process.ChildProcess._handle.onexit (internal/child_process.js:288:5)"
    }
  },
  "2 warn pnpm:global": " Local package.json exists, but node_modules missing, did you mean to install?"
}